[debug] [2024-07-18T12:11:17.118Z] ----------------------------------------------------------------------
[debug] [2024-07-18T12:11:17.124Z] Command:       /usr/local/bin/node /usr/local/bin/firebase init
[debug] [2024-07-18T12:11:17.124Z] CLI Version:   13.13.3
[debug] [2024-07-18T12:11:17.124Z] Platform:      darwin
[debug] [2024-07-18T12:11:17.124Z] Node Version:  v20.9.0
[debug] [2024-07-18T12:11:17.124Z] Time:          Thu Jul 18 2024 15:11:17 GMT+0300 (Москва, стандартное время)
[debug] [2024-07-18T12:11:17.124Z] ----------------------------------------------------------------------
[debug] 
[debug] [2024-07-18T12:11:17.126Z] >>> [apiv2][query] GET https://firebase-public.firebaseio.com/cli.json [none]
[debug] [2024-07-18T12:11:17.158Z] > command requires scopes: ["email","openid","https://www.googleapis.com/auth/cloudplatformprojects.readonly","https://www.googleapis.com/auth/firebase","https://www.googleapis.com/auth/cloud-platform"]
[debug] [2024-07-18T12:11:17.158Z] > authorizing via signed-in user (zayachnioov05@gmail.com)
[info] 
     ######## #### ########  ######## ########     ###     ######  ########
     ##        ##  ##     ## ##       ##     ##  ##   ##  ##       ##
     ######    ##  ########  ######   ########  #########  ######  ######
     ##        ##  ##    ##  ##       ##     ## ##     ##       ## ##
     ##       #### ##     ## ######## ########  ##     ##  ######  ########

You're about to initialize a Firebase project in this directory:

  /Users/timofejzaacnikov/Desktop/projects/clicker/src

[debug] [2024-07-18T12:11:17.300Z] *** [apiv2] error from fetch(https://firebase-public.firebaseio.com/cli.json, {"headers":{},"method":"GET"}): FetchError: request to https://firebase-public.firebaseio.com/cli.json failed, reason: read ECONNRESET
[warn] ⚠  Unable to fetch the CLI MOTD and remote config. This is not a fatal error, but may indicate an issue with your network connection. 
[debug] [2024-07-18T12:11:17.301Z] Failed to fetch MOTD FirebaseError: Failed to make request to https://firebase-public.firebaseio.com/cli.json
[info] 
=== Project Setup
[info] 
[info] First, let's associate this project directory with a Firebase project.
[info] You can create multiple project aliases by running firebase use --add, 
[info] but for now we'll just set up a default project.
[info] 
[debug] [2024-07-18T12:11:45.310Z] >>> [apiv2][query] GET https://firebase.googleapis.com/v1beta1/projects pageSize=100
[debug] [2024-07-18T12:11:45.666Z] <<< [apiv2][status] GET https://firebase.googleapis.com/v1beta1/projects 403
[debug] [2024-07-18T12:11:45.666Z] <<< [apiv2][body] GET https://firebase.googleapis.com/v1beta1/projects [omitted]
[debug] [2024-07-18T12:11:45.667Z] Unable to parse JSON: SyntaxError: Unexpected token '<', "<!DOCTYPE "... is not valid JSON
[debug] [2024-07-18T12:11:46.084Z] FirebaseError: Unable to parse JSON: SyntaxError: Unexpected token '<', "<!DOCTYPE "... is not valid JSON
    at RetryOperation._fn (/usr/local/lib/node_modules/firebase-tools/lib/apiv2.js:277:39)
    at process.processTicksAndRejections (node:internal/process/task_queues:95:5)
[error] 
[error] Error: Failed to list Firebase projects. See firebase-debug.log for more info.
[debug] [2024-07-18T12:11:58.026Z] ----------------------------------------------------------------------
[debug] [2024-07-18T12:11:58.028Z] Command:       /usr/local/bin/node /usr/local/bin/firebase init hosting
[debug] [2024-07-18T12:11:58.028Z] CLI Version:   13.13.3
[debug] [2024-07-18T12:11:58.028Z] Platform:      darwin
[debug] [2024-07-18T12:11:58.028Z] Node Version:  v20.9.0
[debug] [2024-07-18T12:11:58.029Z] Time:          Thu Jul 18 2024 15:11:58 GMT+0300 (Москва, стандартное время)
[debug] [2024-07-18T12:11:58.029Z] ----------------------------------------------------------------------
[debug] 
[debug] [2024-07-18T12:11:58.030Z] >>> [apiv2][query] GET https://firebase-public.firebaseio.com/cli.json [none]
[debug] [2024-07-18T12:11:58.057Z] > command requires scopes: ["email","openid","https://www.googleapis.com/auth/cloudplatformprojects.readonly","https://www.googleapis.com/auth/firebase","https://www.googleapis.com/auth/cloud-platform"]
[debug] [2024-07-18T12:11:58.057Z] > authorizing via signed-in user (zayachnioov05@gmail.com)
[info] 
     ######## #### ########  ######## ########     ###     ######  ########
     ##        ##  ##     ## ##       ##     ##  ##   ##  ##       ##
     ######    ##  ########  ######   ########  #########  ######  ######
     ##        ##  ##    ##  ##       ##     ## ##     ##       ## ##
     ##       #### ##     ## ######## ########  ##     ##  ######  ########

You're about to initialize a Firebase project in this directory:

  /Users/timofejzaacnikov/Desktop/projects/clicker/src

[info] 
=== Project Setup
[info] 
[info] First, let's associate this project directory with a Firebase project.
[info] You can create multiple project aliases by running firebase use --add, 
[info] but for now we'll just set up a default project.
[info] 
[debug] [2024-07-18T12:11:58.206Z] *** [apiv2] error from fetch(https://firebase-public.firebaseio.com/cli.json, {"headers":{},"method":"GET"}): FetchError: request to https://firebase-public.firebaseio.com/cli.json failed, reason: Client network socket disconnected before secure TLS connection was established
[warn] ⚠  Unable to fetch the CLI MOTD and remote config. This is not a fatal error, but may indicate an issue with your network connection. 
[debug] [2024-07-18T12:11:58.207Z] Failed to fetch MOTD FirebaseError: Failed to make request to https://firebase-public.firebaseio.com/cli.json
[debug] [2024-07-18T12:11:59.499Z] >>> [apiv2][query] GET https://firebase.googleapis.com/v1beta1/projects pageSize=100
[debug] [2024-07-18T12:12:00.028Z] <<< [apiv2][status] GET https://firebase.googleapis.com/v1beta1/projects 403
[debug] [2024-07-18T12:12:00.028Z] <<< [apiv2][body] GET https://firebase.googleapis.com/v1beta1/projects [omitted]
[debug] [2024-07-18T12:12:00.029Z] Unable to parse JSON: SyntaxError: Unexpected token '<', "<!DOCTYPE "... is not valid JSON
[debug] [2024-07-18T12:12:00.217Z] FirebaseError: Unable to parse JSON: SyntaxError: Unexpected token '<', "<!DOCTYPE "... is not valid JSON
    at RetryOperation._fn (/usr/local/lib/node_modules/firebase-tools/lib/apiv2.js:277:39)
    at process.processTicksAndRejections (node:internal/process/task_queues:95:5)
[error] 
[error] Error: Failed to list Firebase projects. See firebase-debug.log for more info.
